################################################################################
CCNOT operation on q0_0 (control1), q0_1 (control2) and q0_2 (target):
    in:  q0_0=0, q0_1=0, q0_2=0
    out: q0_0=0, q0_1=0, q0_2=0
################################################################################

################################################################################
NOT operation on q0_0:
    in:  q0_0=0
    out: q0_0=1
################################################################################

################################################################################
CCNOT operation on q0_0 (control1), q0_1 (control2) and q0_2 (target):
    in:  q0_0=1, q0_1=0, q0_2=0
    out: q0_0=1, q0_1=0, q0_2=0
################################################################################

################################################################################
NOT operation on q0_1:
    in:  q0_1=0
    out: q0_1=1
################################################################################

################################################################################
CCNOT operation on q0_0 (control1), q0_1 (control2) and q0_2 (target):
    in:  q0_0=1, q0_1=1, q0_2=0
    out: q0_0=1, q0_1=1, q0_2=1
################################################################################

################################################################################
CCNOT operation on q0_0 (control1), q0_1 (control2) and q0_2 (target):
    in:  q0_0=1, q0_1=1, q0_2=1
    out: q0_0=1, q0_1=1, q0_2=0
################################################################################

################################################################################
CCNOT operation on q0_0 (control1), q0_1 (control2) and q0_2 (target):
    in:  q0_0=1, q0_1=1, q0_2=0
    out: q0_0=1, q0_1=1, q0_2=1
################################################################################

################################################################################
NOT operation on q0_0:
    in:  q0_0=1
    out: q0_0=0
################################################################################

################################################################################
CCNOT operation on q0_0 (control1), q0_1 (control2) and q0_2 (target):
    in:  q0_0=0, q0_1=1, q0_2=1
    out: q0_0=0, q0_1=1, q0_2=1
################################################################################

Measurement of q0_0 => 0
Measurement of q0_1 => 1
Measurement of q0_2 => 1
