################################################################################
CSWAP operation on q0_0 (control), q0_1 (target1) and q0_2 (target2):
    in:  q0_0=0, q0_1=0, q0_2=0
    out: q0_0=0, q0_1=0, q0_2=0
################################################################################

################################################################################
NOT operation on q0_0:
    in:  q0_0=0
    out: q0_0=1
################################################################################

################################################################################
CSWAP operation on q0_0 (control), q0_1 (target1) and q0_2 (target2):
    in:  q0_0=1, q0_1=0, q0_2=0
    out: q0_0=1, q0_1=0, q0_2=0
################################################################################

################################################################################
NOT operation on q0_1:
    in:  q0_1=0
    out: q0_1=1
################################################################################

################################################################################
CSWAP operation on q0_0 (control), q0_1 (target1) and q0_2 (target2):
    in:  q0_0=1, q0_1=1, q0_2=0
    out: q0_0=1, q0_1=0, q0_2=1
################################################################################

################################################################################
CSWAP operation on q0_0 (control), q0_1 (target1) and q0_2 (target2):
    in:  q0_0=1, q0_1=0, q0_2=1
    out: q0_0=1, q0_1=1, q0_2=0
################################################################################

################################################################################
NOT operation on q0_2:
    in:  q0_2=0
    out: q0_2=1
################################################################################

################################################################################
CSWAP operation on q0_0 (control), q0_1 (target1) and q0_2 (target2):
    in:  q0_0=1, q0_1=1, q0_2=1
    out: q0_0=1, q0_1=1, q0_2=1
################################################################################

################################################################################
NOT operation on q0_2:
    in:  q0_2=1
    out: q0_2=0
################################################################################

################################################################################
NOT operation on q0_0:
    in:  q0_0=1
    out: q0_0=0
################################################################################

################################################################################
CSWAP operation on q0_0 (control), q0_1 (target1) and q0_2 (target2):
    in:  q0_0=0, q0_1=1, q0_2=0
    out: q0_0=0, q0_1=1, q0_2=0
################################################################################

Measurement of q0_0 => 0
Measurement of q0_1 => 1
Measurement of q0_2 => 0
