################################################################################
CNOT operation on q0_0 (control) and q0_1 (target):
    in:  q0_0=0, q0_1=0
    out: q0_0=0, q0_1=0
################################################################################

################################################################################
NOT operation on q0_1:
    in:  q0_1=0
    out: q0_1=1
################################################################################

################################################################################
CNOT operation on q0_0 (control) and q0_1 (target):
    in:  q0_0=0, q0_1=1
    out: q0_0=0, q0_1=1
################################################################################

################################################################################
NOT operation on q0_0:
    in:  q0_0=0
    out: q0_0=1
################################################################################

################################################################################
CNOT operation on q0_0 (control) and q0_1 (target):
    in:  q0_0=1, q0_1=1
    out: q0_0=1, q0_1=0
################################################################################

################################################################################
CNOT operation on q0_0 (control) and q0_1 (target):
    in:  q0_0=1, q0_1=0
    out: q0_0=1, q0_1=1
################################################################################

Measurement of q0_0 => 1
Measurement of q0_1 => 1
