################################################################################
NOT operation on q0_0:
    in:  q0_0=0
    out: q0_0=1
################################################################################

################################################################################
NOT operation on q0_1:
    in:  q0_1=0
    out: q0_1=1
################################################################################

################################################################################
NOT operation on q0_2:
    in:  q0_2=0
    out: q0_2=1
################################################################################

################################################################################
NOT operation on q0_3:
    in:  q0_3=0
    out: q0_3=1
################################################################################

################################################################################
NOT operation on q0_4:
    in:  q0_4=0
    out: q0_4=1
################################################################################

################################################################################
NOT operation on q1_1:
    in:  q1_1=0
    out: q1_1=1
################################################################################

################################################################################
NOT operation on q1_3:
    in:  q1_3=0
    out: q1_3=1
################################################################################

################################################################################
NOT operation on q3_0:
    in:  q3_0=0
    out: q3_0=1
################################################################################

################################################################################
CNOT operation on q3_0 (control) and q4_0 (target):
    in:  q3_0=1, q4_0=0
    out: q3_0=1, q4_0=1
################################################################################

################################################################################
CCNOT operation on q0_4 (control1), q3_0 (control2) and q4_0 (target):
    in:  q0_4=1, q3_0=1, q4_0=1
    out: q0_4=1, q3_0=1, q4_0=0
################################################################################

################################################################################
CCNOT operation on q1_4 (control1), q3_0 (control2) and q4_0 (target):
    in:  q1_4=0, q3_0=1, q4_0=0
    out: q1_4=0, q3_0=1, q4_0=0
################################################################################

################################################################################
CNOT operation on q4_0 (control) and q5_0 (target):
    in:  q4_0=0, q5_0=0
    out: q4_0=0, q5_0=0
################################################################################

################################################################################
CCNOT operation on q0_3 (control1), q4_0 (control2) and q5_0 (target):
    in:  q0_3=1, q4_0=0, q5_0=0
    out: q0_3=1, q4_0=0, q5_0=0
################################################################################

################################################################################
CCNOT operation on q1_3 (control1), q4_0 (control2) and q5_0 (target):
    in:  q1_3=1, q4_0=0, q5_0=0
    out: q1_3=1, q4_0=0, q5_0=0
################################################################################

################################################################################
CNOT operation on q5_0 (control) and q6_0 (target):
    in:  q5_0=0, q6_0=0
    out: q5_0=0, q6_0=0
################################################################################

################################################################################
CCNOT operation on q0_2 (control1), q5_0 (control2) and q6_0 (target):
    in:  q0_2=1, q5_0=0, q6_0=0
    out: q0_2=1, q5_0=0, q6_0=0
################################################################################

################################################################################
CCNOT operation on q1_2 (control1), q5_0 (control2) and q6_0 (target):
    in:  q1_2=0, q5_0=0, q6_0=0
    out: q1_2=0, q5_0=0, q6_0=0
################################################################################

################################################################################
CNOT operation on q6_0 (control) and q7_0 (target):
    in:  q6_0=0, q7_0=0
    out: q6_0=0, q7_0=0
################################################################################

################################################################################
CCNOT operation on q0_1 (control1), q6_0 (control2) and q7_0 (target):
    in:  q0_1=1, q6_0=0, q7_0=0
    out: q0_1=1, q6_0=0, q7_0=0
################################################################################

################################################################################
CCNOT operation on q1_1 (control1), q6_0 (control2) and q7_0 (target):
    in:  q1_1=1, q6_0=0, q7_0=0
    out: q1_1=1, q6_0=0, q7_0=0
################################################################################

################################################################################
CNOT operation on q7_0 (control) and q2_0 (target):
    in:  q7_0=0, q2_0=0
    out: q7_0=0, q2_0=0
################################################################################

################################################################################
CCNOT operation on q0_0 (control1), q7_0 (control2) and q2_0 (target):
    in:  q0_0=1, q7_0=0, q2_0=0
    out: q0_0=1, q7_0=0, q2_0=0
################################################################################

################################################################################
CCNOT operation on q1_0 (control1), q7_0 (control2) and q2_0 (target):
    in:  q1_0=0, q7_0=0, q2_0=0
    out: q1_0=0, q7_0=0, q2_0=0
################################################################################

################################################################################
CCNOT operation on q1_1 (control1), q6_0 (control2) and q7_0 (target):
    in:  q1_1=1, q6_0=0, q7_0=0
    out: q1_1=1, q6_0=0, q7_0=0
################################################################################

################################################################################
CCNOT operation on q0_1 (control1), q6_0 (control2) and q7_0 (target):
    in:  q0_1=1, q6_0=0, q7_0=0
    out: q0_1=1, q6_0=0, q7_0=0
################################################################################

################################################################################
CNOT operation on q6_0 (control) and q7_0 (target):
    in:  q6_0=0, q7_0=0
    out: q6_0=0, q7_0=0
################################################################################

################################################################################
CCNOT operation on q1_2 (control1), q5_0 (control2) and q6_0 (target):
    in:  q1_2=0, q5_0=0, q6_0=0
    out: q1_2=0, q5_0=0, q6_0=0
################################################################################

################################################################################
CCNOT operation on q0_2 (control1), q5_0 (control2) and q6_0 (target):
    in:  q0_2=1, q5_0=0, q6_0=0
    out: q0_2=1, q5_0=0, q6_0=0
################################################################################

################################################################################
CNOT operation on q5_0 (control) and q6_0 (target):
    in:  q5_0=0, q6_0=0
    out: q5_0=0, q6_0=0
################################################################################

################################################################################
CCNOT operation on q1_3 (control1), q4_0 (control2) and q5_0 (target):
    in:  q1_3=1, q4_0=0, q5_0=0
    out: q1_3=1, q4_0=0, q5_0=0
################################################################################

################################################################################
CCNOT operation on q0_3 (control1), q4_0 (control2) and q5_0 (target):
    in:  q0_3=1, q4_0=0, q5_0=0
    out: q0_3=1, q4_0=0, q5_0=0
################################################################################

################################################################################
CNOT operation on q4_0 (control) and q5_0 (target):
    in:  q4_0=0, q5_0=0
    out: q4_0=0, q5_0=0
################################################################################

################################################################################
CCNOT operation on q1_4 (control1), q3_0 (control2) and q4_0 (target):
    in:  q1_4=0, q3_0=1, q4_0=0
    out: q1_4=0, q3_0=1, q4_0=0
################################################################################

################################################################################
CCNOT operation on q0_4 (control1), q3_0 (control2) and q4_0 (target):
    in:  q0_4=1, q3_0=1, q4_0=0
    out: q0_4=1, q3_0=1, q4_0=1
################################################################################

################################################################################
CNOT operation on q3_0 (control) and q4_0 (target):
    in:  q3_0=1, q4_0=1
    out: q3_0=1, q4_0=0
################################################################################

################################################################################
NOT operation on q3_0:
    in:  q3_0=1
    out: q3_0=0
################################################################################

Measurement of q0_0 => 1
Measurement of q0_1 => 1
Measurement of q0_2 => 1
Measurement of q0_3 => 1
Measurement of q0_4 => 1
Measurement of q1_0 => 0
Measurement of q1_1 => 1
Measurement of q1_2 => 0
Measurement of q1_3 => 1
Measurement of q1_4 => 0
Measurement of q2_0 => 0
