################################################################################
NOT operation on q0_0:
    in:  q0_0=0
    out: q0_0=1
################################################################################

################################################################################
NOT operation on q0_1:
    in:  q0_1=0
    out: q0_1=1
################################################################################

################################################################################
CNOT operation on q0_0 (control) and q1_0 (target):
    in:  q0_0=1, q1_0=0
    out: q0_0=1, q1_0=1
################################################################################

################################################################################
CNOT operation on q0_1 (control) and q1_0 (target):
    in:  q0_1=1, q1_0=1
    out: q0_1=1, q1_0=0
################################################################################

################################################################################
CNOT operation on q0_2 (control) and q1_0 (target):
    in:  q0_2=0, q1_0=0
    out: q0_2=0, q1_0=0
################################################################################

################################################################################
CCNOT operation on q0_0 (control1), q0_1 (control2) and q1_1 (target):
    in:  q0_0=1, q0_1=1, q1_1=0
    out: q0_0=1, q0_1=1, q1_1=1
################################################################################

################################################################################
CCNOT operation on q0_1 (control1), q0_2 (control2) and q1_1 (target):
    in:  q0_1=1, q0_2=0, q1_1=1
    out: q0_1=1, q0_2=0, q1_1=1
################################################################################

################################################################################
CCNOT operation on q0_2 (control1), q0_0 (control2) and q1_1 (target):
    in:  q0_2=0, q0_0=1, q1_1=1
    out: q0_2=0, q0_0=1, q1_1=1
################################################################################

Measurement of q0_0 => 1
Measurement of q0_1 => 1
Measurement of q0_2 => 0
Measurement of q1_0 => 0
Measurement of q1_1 => 1
