################################################################################
NOT operation on q0_0:
    in:  q0_0=0
    out: q0_0=1
################################################################################

################################################################################
NOT operation on q1_0:
    in:  q1_0=0
    out: q1_0=1
################################################################################

################################################################################
NOT operation on q3_0:
    in:  q3_0=0
    out: q3_0=1
################################################################################

################################################################################
CNOT operation on q3_0 (control) and q2_0 (target):
    in:  q3_0=1, q2_0=0
    out: q3_0=1, q2_0=1
################################################################################

################################################################################
CCNOT operation on q0_0 (control1), q3_0 (control2) and q2_0 (target):
    in:  q0_0=1, q3_0=1, q2_0=1
    out: q0_0=1, q3_0=1, q2_0=0
################################################################################

################################################################################
CCNOT operation on q1_0 (control1), q3_0 (control2) and q2_0 (target):
    in:  q1_0=1, q3_0=1, q2_0=0
    out: q1_0=1, q3_0=1, q2_0=1
################################################################################

################################################################################
NOT operation on q3_0:
    in:  q3_0=1
    out: q3_0=0
################################################################################

Measurement of q0_0 => 1
Measurement of q1_0 => 1
Measurement of q2_0 => 1
